This is pdfTeX, Version 3.14159265-2.6-1.40.16 (TeX Live 2015/Debian) (preloaded format=pdflatex 2016.11.8)  12 MAY 2017 00:12
entering extended mode
 restricted \write18 enabled.
 %&-line parsing enabled.
**documentation.tex
(./documentation.tex
LaTeX2e <2016/02/01>
Babel <3.9q> and hyphenation patterns for 81 language(s) loaded.
(/usr/share/texlive/texmf-dist/tex/latex/base/report.cls
Document Class: report 2014/09/29 v1.4h Standard LaTeX document class
(/usr/share/texlive/texmf-dist/tex/latex/base/size12.clo
File: size12.clo 2014/09/29 v1.4h Standard LaTeX file (size option)
)
\c@part=\count79
\c@chapter=\count80
\c@section=\count81
\c@subsection=\count82
\c@subsubsection=\count83
\c@paragraph=\count84
\c@subparagraph=\count85
\c@figure=\count86
\c@table=\count87
\abovecaptionskip=\skip41
\belowcaptionskip=\skip42
\bibindent=\dimen102
)
(/usr/share/texlive/texmf-dist/tex/latex/amsmath/amsmath.sty
Package: amsmath 2016/03/03 v2.15a AMS math features
\@mathmargin=\skip43

For additional information on amsmath, use the `?' option.
(/usr/share/texlive/texmf-dist/tex/latex/amsmath/amstext.sty
Package: amstext 2000/06/29 v2.01 AMS text

(/usr/share/texlive/texmf-dist/tex/latex/amsmath/amsgen.sty
File: amsgen.sty 1999/11/30 v2.0 generic functions
\@emptytoks=\toks14
\ex@=\dimen103
))
(/usr/share/texlive/texmf-dist/tex/latex/amsmath/amsbsy.sty
Package: amsbsy 1999/11/29 v1.2d Bold Symbols
\pmbraise@=\dimen104
)
(/usr/share/texlive/texmf-dist/tex/latex/amsmath/amsopn.sty
Package: amsopn 1999/12/14 v2.01 operator names
)
\inf@bad=\count88
LaTeX Info: Redefining \frac on input line 199.
\uproot@=\count89
\leftroot@=\count90
LaTeX Info: Redefining \overline on input line 297.
\classnum@=\count91
\DOTSCASE@=\count92
LaTeX Info: Redefining \ldots on input line 394.
LaTeX Info: Redefining \dots on input line 397.
LaTeX Info: Redefining \cdots on input line 518.
\Mathstrutbox@=\box26
\strutbox@=\box27
\big@size=\dimen105
LaTeX Font Info:    Redeclaring font encoding OML on input line 630.
LaTeX Font Info:    Redeclaring font encoding OMS on input line 631.
\macc@depth=\count93
\c@MaxMatrixCols=\count94
\dotsspace@=\muskip10
\c@parentequation=\count95
\dspbrk@lvl=\count96
\tag@help=\toks15
\row@=\count97
\column@=\count98
\maxfields@=\count99
\andhelp@=\toks16
\eqnshift@=\dimen106
\alignsep@=\dimen107
\tagshift@=\dimen108
\tagwidth@=\dimen109
\totwidth@=\dimen110
\lineht@=\dimen111
\@envbody=\toks17
\multlinegap=\skip44
\multlinetaggap=\skip45
\mathdisplay@stack=\toks18
LaTeX Info: Redefining \[ on input line 2735.
LaTeX Info: Redefining \] on input line 2736.
)
(/usr/share/texlive/texmf-dist/tex/latex/amsfonts/amsfonts.sty
Package: amsfonts 2013/01/14 v3.01 Basic AMSFonts support
\symAMSa=\mathgroup4
\symAMSb=\mathgroup5
LaTeX Font Info:    Overwriting math alphabet `\mathfrak' in version `bold'
(Font)                  U/euf/m/n --> U/euf/b/n on input line 106.
)
(/usr/share/texlive/texmf-dist/tex/latex/amscls/amsthm.sty
Package: amsthm 2015/03/04 v2.20.2
\thm@style=\toks19
\thm@bodyfont=\toks20
\thm@headfont=\toks21
\thm@notefont=\toks22
\thm@headpunct=\toks23
\thm@preskip=\skip46
\thm@postskip=\skip47
\thm@headsep=\skip48
\dth@everypar=\toks24
)
(/usr/share/texlive/texmf-dist/tex/latex/base/newlfont.sty
Package: newlfont 1998/08/17 v2.2m Standard LaTeX package
LaTeX Info: Redefining \em on input line 72.

(/usr/share/texlive/texmf-dist/tex/latex/base/latexsym.sty
Package: latexsym 1998/08/17 v2.2e Standard LaTeX package (lasy symbols)
\symlasy=\mathgroup6
LaTeX Font Info:    Overwriting symbol font `lasy' in version `bold'
(Font)                  U/lasy/m/n --> U/lasy/b/n on input line 52.
))
(/usr/share/texlive/texmf-dist/tex/generic/babel/babel.sty
Package: babel 2016/02/24 3.9q The Babel package

(/usr/share/texlive/texmf-dist/tex/generic/babel-hungarian/magyar.ldf
Language: magyar 2015/11/24 v1.5c Magyar support from the babel v3.7 system

(/usr/share/texlive/texmf-dist/tex/generic/babel/babel.def
File: babel.def 2016/02/24 3.9q Babel common definitions
\babel@savecnt=\count100
\U@D=\dimen112
)
Package babel Info: Making ` an active character on input line 2735.
\c@footnote@add=\count101
\c@footnote@ch=\count102
))
(/usr/share/texlive/texmf-dist/tex/latex/base/inputenc.sty
Package: inputenc 2015/03/17 v1.2c Input encoding file
\inpenc@prehook=\toks25
\inpenc@posthook=\toks26

(/usr/share/texlive/texmf-dist/tex/latex/base/utf8.def
File: utf8.def 2015/12/03 v1.1r UTF-8 support for inputenc
Now handling font encoding OML ...
... no UTF-8 mapping file for font encoding OML
Now handling font encoding T1 ...
... processing UTF-8 mapping file for font encoding T1

(/usr/share/texlive/texmf-dist/tex/latex/base/t1enc.dfu
File: t1enc.dfu 2015/12/03 v1.1r UTF-8 support for inputenc
   defining Unicode char U+00A0 (decimal 160)
   defining Unicode char U+00A1 (decimal 161)
   defining Unicode char U+00A3 (decimal 163)
   defining Unicode char U+00AB (decimal 171)
   defining Unicode char U+00AD (decimal 173)
   defining Unicode char U+00BB (decimal 187)
   defining Unicode char U+00BF (decimal 191)
   defining Unicode char U+00C0 (decimal 192)
   defining Unicode char U+00C1 (decimal 193)
   defining Unicode char U+00C2 (decimal 194)
   defining Unicode char U+00C3 (decimal 195)
   defining Unicode char U+00C4 (decimal 196)
   defining Unicode char U+00C5 (decimal 197)
   defining Unicode char U+00C6 (decimal 198)
   defining Unicode char U+00C7 (decimal 199)
   defining Unicode char U+00C8 (decimal 200)
   defining Unicode char U+00C9 (decimal 201)
   defining Unicode char U+00CA (decimal 202)
   defining Unicode char U+00CB (decimal 203)
   defining Unicode char U+00CC (decimal 204)
   defining Unicode char U+00CD (decimal 205)
   defining Unicode char U+00CE (decimal 206)
   defining Unicode char U+00CF (decimal 207)
   defining Unicode char U+00D0 (decimal 208)
   defining Unicode char U+00D1 (decimal 209)
   defining Unicode char U+00D2 (decimal 210)
   defining Unicode char U+00D3 (decimal 211)
   defining Unicode char U+00D4 (decimal 212)
   defining Unicode char U+00D5 (decimal 213)
   defining Unicode char U+00D6 (decimal 214)
   defining Unicode char U+00D8 (decimal 216)
   defining Unicode char U+00D9 (decimal 217)
   defining Unicode char U+00DA (decimal 218)
   defining Unicode char U+00DB (decimal 219)
   defining Unicode char U+00DC (decimal 220)
   defining Unicode char U+00DD (decimal 221)
   defining Unicode char U+00DE (decimal 222)
   defining Unicode char U+00DF (decimal 223)
   defining Unicode char U+00E0 (decimal 224)
   defining Unicode char U+00E1 (decimal 225)
   defining Unicode char U+00E2 (decimal 226)
   defining Unicode char U+00E3 (decimal 227)
   defining Unicode char U+00E4 (decimal 228)
   defining Unicode char U+00E5 (decimal 229)
   defining Unicode char U+00E6 (decimal 230)
   defining Unicode char U+00E7 (decimal 231)
   defining Unicode char U+00E8 (decimal 232)
   defining Unicode char U+00E9 (decimal 233)
   defining Unicode char U+00EA (decimal 234)
   defining Unicode char U+00EB (decimal 235)
   defining Unicode char U+00EC (decimal 236)
   defining Unicode char U+00ED (decimal 237)
   defining Unicode char U+00EE (decimal 238)
   defining Unicode char U+00EF (decimal 239)
   defining Unicode char U+00F0 (decimal 240)
   defining Unicode char U+00F1 (decimal 241)
   defining Unicode char U+00F2 (decimal 242)
   defining Unicode char U+00F3 (decimal 243)
   defining Unicode char U+00F4 (decimal 244)
   defining Unicode char U+00F5 (decimal 245)
   defining Unicode char U+00F6 (decimal 246)
   defining Unicode char U+00F8 (decimal 248)
   defining Unicode char U+00F9 (decimal 249)
   defining Unicode char U+00FA (decimal 250)
   defining Unicode char U+00FB (decimal 251)
   defining Unicode char U+00FC (decimal 252)
   defining Unicode char U+00FD (decimal 253)
   defining Unicode char U+00FE (decimal 254)
   defining Unicode char U+00FF (decimal 255)
   defining Unicode char U+0100 (decimal 256)
   defining Unicode char U+0101 (decimal 257)
   defining Unicode char U+0102 (decimal 258)
   defining Unicode char U+0103 (decimal 259)
   defining Unicode char U+0104 (decimal 260)
   defining Unicode char U+0105 (decimal 261)
   defining Unicode char U+0106 (decimal 262)
   defining Unicode char U+0107 (decimal 263)
   defining Unicode char U+0108 (decimal 264)
   defining Unicode char U+0109 (decimal 265)
   defining Unicode char U+010A (decimal 266)
   defining Unicode char U+010B (decimal 267)
   defining Unicode char U+010C (decimal 268)
   defining Unicode char U+010D (decimal 269)
   defining Unicode char U+010E (decimal 270)
   defining Unicode char U+010F (decimal 271)
   defining Unicode char U+0110 (decimal 272)
   defining Unicode char U+0111 (decimal 273)
   defining Unicode char U+0112 (decimal 274)
   defining Unicode char U+0113 (decimal 275)
   defining Unicode char U+0114 (decimal 276)
   defining Unicode char U+0115 (decimal 277)
   defining Unicode char U+0116 (decimal 278)
   defining Unicode char U+0117 (decimal 279)
   defining Unicode char U+0118 (decimal 280)
   defining Unicode char U+0119 (decimal 281)
   defining Unicode char U+011A (decimal 282)
   defining Unicode char U+011B (decimal 283)
   defining Unicode char U+011C (decimal 284)
   defining Unicode char U+011D (decimal 285)
   defining Unicode char U+011E (decimal 286)
   defining Unicode char U+011F (decimal 287)
   defining Unicode char U+0120 (decimal 288)
   defining Unicode char U+0121 (decimal 289)
   defining Unicode char U+0122 (decimal 290)
   defining Unicode char U+0123 (decimal 291)
   defining Unicode char U+0124 (decimal 292)
   defining Unicode char U+0125 (decimal 293)
   defining Unicode char U+0128 (decimal 296)
   defining Unicode char U+0129 (decimal 297)
   defining Unicode char U+012A (decimal 298)
   defining Unicode char U+012B (decimal 299)
   defining Unicode char U+012C (decimal 300)
   defining Unicode char U+012D (decimal 301)
   defining Unicode char U+012E (decimal 302)
   defining Unicode char U+012F (decimal 303)
   defining Unicode char U+0130 (decimal 304)
   defining Unicode char U+0131 (decimal 305)
   defining Unicode char U+0132 (decimal 306)
   defining Unicode char U+0133 (decimal 307)
   defining Unicode char U+0134 (decimal 308)
   defining Unicode char U+0135 (decimal 309)
   defining Unicode char U+0136 (decimal 310)
   defining Unicode char U+0137 (decimal 311)
   defining Unicode char U+0139 (decimal 313)
   defining Unicode char U+013A (decimal 314)
   defining Unicode char U+013B (decimal 315)
   defining Unicode char U+013C (decimal 316)
   defining Unicode char U+013D (decimal 317)
   defining Unicode char U+013E (decimal 318)
   defining Unicode char U+0141 (decimal 321)
   defining Unicode char U+0142 (decimal 322)
   defining Unicode char U+0143 (decimal 323)
   defining Unicode char U+0144 (decimal 324)
   defining Unicode char U+0145 (decimal 325)
   defining Unicode char U+0146 (decimal 326)
   defining Unicode char U+0147 (decimal 327)
   defining Unicode char U+0148 (decimal 328)
   defining Unicode char U+014A (decimal 330)
   defining Unicode char U+014B (decimal 331)
   defining Unicode char U+014C (decimal 332)
   defining Unicode char U+014D (decimal 333)
   defining Unicode char U+014E (decimal 334)
   defining Unicode char U+014F (decimal 335)
   defining Unicode char U+0150 (decimal 336)
   defining Unicode char U+0151 (decimal 337)
   defining Unicode char U+0152 (decimal 338)
   defining Unicode char U+0153 (decimal 339)
   defining Unicode char U+0154 (decimal 340)
   defining Unicode char U+0155 (decimal 341)
   defining Unicode char U+0156 (decimal 342)
   defining Unicode char U+0157 (decimal 343)
   defining Unicode char U+0158 (decimal 344)
   defining Unicode char U+0159 (decimal 345)
   defining Unicode char U+015A (decimal 346)
   defining Unicode char U+015B (decimal 347)
   defining Unicode char U+015C (decimal 348)
   defining Unicode char U+015D (decimal 349)
   defining Unicode char U+015E (decimal 350)
   defining Unicode char U+015F (decimal 351)
   defining Unicode char U+0160 (decimal 352)
   defining Unicode char U+0161 (decimal 353)
   defining Unicode char U+0162 (decimal 354)
   defining Unicode char U+0163 (decimal 355)
   defining Unicode char U+0164 (decimal 356)
   defining Unicode char U+0165 (decimal 357)
   defining Unicode char U+0168 (decimal 360)
   defining Unicode char U+0169 (decimal 361)
   defining Unicode char U+016A (decimal 362)
   defining Unicode char U+016B (decimal 363)
   defining Unicode char U+016C (decimal 364)
   defining Unicode char U+016D (decimal 365)
   defining Unicode char U+016E (decimal 366)
   defining Unicode char U+016F (decimal 367)
   defining Unicode char U+0170 (decimal 368)
   defining Unicode char U+0171 (decimal 369)
   defining Unicode char U+0172 (decimal 370)
   defining Unicode char U+0173 (decimal 371)
   defining Unicode char U+0174 (decimal 372)
   defining Unicode char U+0175 (decimal 373)
   defining Unicode char U+0176 (decimal 374)
   defining Unicode char U+0177 (decimal 375)
   defining Unicode char U+0178 (decimal 376)
   defining Unicode char U+0179 (decimal 377)
   defining Unicode char U+017A (decimal 378)
   defining Unicode char U+017B (decimal 379)
   defining Unicode char U+017C (decimal 380)
   defining Unicode char U+017D (decimal 381)
   defining Unicode char U+017E (decimal 382)
   defining Unicode char U+01CD (decimal 461)
   defining Unicode char U+01CE (decimal 462)
   defining Unicode char U+01CF (decimal 463)
   defining Unicode char U+01D0 (decimal 464)
   defining Unicode char U+01D1 (decimal 465)
   defining Unicode char U+01D2 (decimal 466)
   defining Unicode char U+01D3 (decimal 467)
   defining Unicode char U+01D4 (decimal 468)
   defining Unicode char U+01E2 (decimal 482)
   defining Unicode char U+01E3 (decimal 483)
   defining Unicode char U+01E6 (decimal 486)
   defining Unicode char U+01E7 (decimal 487)
   defining Unicode char U+01E8 (decimal 488)
   defining Unicode char U+01E9 (decimal 489)
   defining Unicode char U+01EA (decimal 490)
   defining Unicode char U+01EB (decimal 491)
   defining Unicode char U+01F0 (decimal 496)
   defining Unicode char U+01F4 (decimal 500)
   defining Unicode char U+01F5 (decimal 501)
   defining Unicode char U+0218 (decimal 536)
   defining Unicode char U+0219 (decimal 537)
   defining Unicode char U+021A (decimal 538)
   defining Unicode char U+021B (decimal 539)
   defining Unicode char U+01E02 (decimal 7682)
   defining Unicode char U+01E03 (decimal 7683)
   defining Unicode char U+200C (decimal 8204)
   defining Unicode char U+2013 (decimal 8211)
   defining Unicode char U+2014 (decimal 8212)
   defining Unicode char U+2018 (decimal 8216)
   defining Unicode char U+2019 (decimal 8217)
   defining Unicode char U+201A (decimal 8218)
   defining Unicode char U+201C (decimal 8220)
   defining Unicode char U+201D (decimal 8221)
   defining Unicode char U+201E (decimal 8222)
   defining Unicode char U+2030 (decimal 8240)
   defining Unicode char U+2031 (decimal 8241)
   defining Unicode char U+2039 (decimal 8249)
   defining Unicode char U+203A (decimal 8250)
   defining Unicode char U+2423 (decimal 9251)
)
Now handling font encoding OT1 ...
... processing UTF-8 mapping file for font encoding OT1

(/usr/share/texlive/texmf-dist/tex/latex/base/ot1enc.dfu
File: ot1enc.dfu 2015/12/03 v1.1r UTF-8 support for inputenc
   defining Unicode char U+00A0 (decimal 160)
   defining Unicode char U+00A1 (decimal 161)
   defining Unicode char U+00A3 (decimal 163)
   defining Unicode char U+00AD (decimal 173)
   defining Unicode char U+00B8 (decimal 184)
   defining Unicode char U+00BF (decimal 191)
   defining Unicode char U+00C5 (decimal 197)
   defining Unicode char U+00C6 (decimal 198)
   defining Unicode char U+00D8 (decimal 216)
   defining Unicode char U+00DF (decimal 223)
   defining Unicode char U+00E6 (decimal 230)
   defining Unicode char U+00EC (decimal 236)
   defining Unicode char U+00ED (decimal 237)
   defining Unicode char U+00EE (decimal 238)
   defining Unicode char U+00EF (decimal 239)
   defining Unicode char U+00F8 (decimal 248)
   defining Unicode char U+0131 (decimal 305)
   defining Unicode char U+0141 (decimal 321)
   defining Unicode char U+0142 (decimal 322)
   defining Unicode char U+0152 (decimal 338)
   defining Unicode char U+0153 (decimal 339)
   defining Unicode char U+0174 (decimal 372)
   defining Unicode char U+0175 (decimal 373)
   defining Unicode char U+0176 (decimal 374)
   defining Unicode char U+0177 (decimal 375)
   defining Unicode char U+0218 (decimal 536)
   defining Unicode char U+0219 (decimal 537)
   defining Unicode char U+021A (decimal 538)
   defining Unicode char U+021B (decimal 539)
   defining Unicode char U+2013 (decimal 8211)
   defining Unicode char U+2014 (decimal 8212)
   defining Unicode char U+2018 (decimal 8216)
   defining Unicode char U+2019 (decimal 8217)
   defining Unicode char U+201C (decimal 8220)
   defining Unicode char U+201D (decimal 8221)
)
Now handling font encoding OMS ...
... processing UTF-8 mapping file for font encoding OMS

(/usr/share/texlive/texmf-dist/tex/latex/base/omsenc.dfu
File: omsenc.dfu 2015/12/03 v1.1r UTF-8 support for inputenc
   defining Unicode char U+00A7 (decimal 167)
   defining Unicode char U+00B6 (decimal 182)
   defining Unicode char U+00B7 (decimal 183)
   defining Unicode char U+2020 (decimal 8224)
   defining Unicode char U+2021 (decimal 8225)
   defining Unicode char U+2022 (decimal 8226)
)
Now handling font encoding OMX ...
... no UTF-8 mapping file for font encoding OMX
Now handling font encoding U ...
... no UTF-8 mapping file for font encoding U
   defining Unicode char U+00A9 (decimal 169)
   defining Unicode char U+00AA (decimal 170)
   defining Unicode char U+00AE (decimal 174)
   defining Unicode char U+00BA (decimal 186)
   defining Unicode char U+02C6 (decimal 710)
   defining Unicode char U+02DC (decimal 732)
   defining Unicode char U+200C (decimal 8204)
   defining Unicode char U+2026 (decimal 8230)
   defining Unicode char U+2122 (decimal 8482)
   defining Unicode char U+2423 (decimal 9251)
))
(/usr/share/texlive/texmf-dist/tex/latex/base/t1enc.sty
Package: t1enc 1994/06/01 Standard LaTeX package
)
(/usr/share/texlive/texmf-dist/tex/latex/graphics/graphicx.sty
Package: graphicx 2014/10/28 v1.0g Enhanced LaTeX Graphics (DPC,SPQR)

(/usr/share/texlive/texmf-dist/tex/latex/graphics/keyval.sty
Package: keyval 2014/10/28 v1.15 key=value parser (DPC)
\KV@toks@=\toks27
)
(/usr/share/texlive/texmf-dist/tex/latex/graphics/graphics.sty
Package: graphics 2016/01/03 v1.0q Standard LaTeX Graphics (DPC,SPQR)

(/usr/share/texlive/texmf-dist/tex/latex/graphics/trig.sty
Package: trig 2016/01/03 v1.10 sin cos tan (DPC)
)
(/usr/share/texlive/texmf-dist/tex/latex/latexconfig/graphics.cfg
File: graphics.cfg 2010/04/23 v1.9 graphics configuration of TeX Live
)
Package graphics Info: Driver file: pdftex.def on input line 95.

(/usr/share/texlive/texmf-dist/tex/latex/pdftex-def/pdftex.def
File: pdftex.def 2011/05/27 v0.06d Graphics/color for pdfTeX

(/usr/share/texlive/texmf-dist/tex/generic/oberdiek/infwarerr.sty
Package: infwarerr 2010/04/08 v1.3 Providing info/warning/error messages (HO)
)
(/usr/share/texlive/texmf-dist/tex/generic/oberdiek/ltxcmds.sty
Package: ltxcmds 2011/11/09 v1.22 LaTeX kernel commands for general use (HO)
)
\Gread@gobject=\count103
))
\Gin@req@height=\dimen113
\Gin@req@width=\dimen114
)
(/usr/share/texlive/texmf-dist/tex/latex/graphics/color.sty
Package: color 2016/01/03 v1.1b Standard LaTeX Color (DPC)

(/usr/share/texlive/texmf-dist/tex/latex/latexconfig/color.cfg
File: color.cfg 2007/01/18 v1.5 color configuration of teTeX/TeXLive
)
Package color Info: Driver file: pdftex.def on input line 143.
)
(/usr/share/texlive/texmf-dist/tex/latex/euler/euler.sty
Package: euler 1995/03/05 v2.5

Package: `euler' v2.5 <1995/03/05> (FJ and FMi)
LaTeX Font Info:    Redeclaring symbol font `letters' on input line 35.
LaTeX Font Info:    Encoding `OML' has changed to `U' for symbol font
(Font)              `letters' in the math version `normal' on input line 35.
LaTeX Font Info:    Overwriting symbol font `letters' in version `normal'
(Font)                  OML/cmm/m/it --> U/eur/m/n on input line 35.
LaTeX Font Info:    Encoding `OML' has changed to `U' for symbol font
(Font)              `letters' in the math version `bold' on input line 35.
LaTeX Font Info:    Overwriting symbol font `letters' in version `bold'
(Font)                  OML/cmm/b/it --> U/eur/m/n on input line 35.
LaTeX Font Info:    Overwriting symbol font `letters' in version `bold'
(Font)                  U/eur/m/n --> U/eur/b/n on input line 36.
LaTeX Font Info:    Redeclaring math symbol \Gamma on input line 47.
LaTeX Font Info:    Redeclaring math symbol \Delta on input line 48.
LaTeX Font Info:    Redeclaring math symbol \Theta on input line 49.
LaTeX Font Info:    Redeclaring math symbol \Lambda on input line 50.
LaTeX Font Info:    Redeclaring math symbol \Xi on input line 51.
LaTeX Font Info:    Redeclaring math symbol \Pi on input line 52.
LaTeX Font Info:    Redeclaring math symbol \Sigma on input line 53.
LaTeX Font Info:    Redeclaring math symbol \Upsilon on input line 54.
LaTeX Font Info:    Redeclaring math symbol \Phi on input line 55.
LaTeX Font Info:    Redeclaring math symbol \Psi on input line 56.
LaTeX Font Info:    Redeclaring math symbol \Omega on input line 57.
\symEulerFraktur=\mathgroup7
LaTeX Font Info:    Overwriting symbol font `EulerFraktur' in version `bold'
(Font)                  U/euf/m/n --> U/euf/b/n on input line 63.
LaTeX Font Info:    Redeclaring math alphabet \mathfrak on input line 64.
LaTeX Info: Redefining \oldstylenums on input line 85.
\symEulerScript=\mathgroup8
LaTeX Font Info:    Overwriting symbol font `EulerScript' in version `bold'
(Font)                  U/eus/m/n --> U/eus/b/n on input line 93.
LaTeX Font Info:    Redeclaring math symbol \aleph on input line 97.
LaTeX Font Info:    Redeclaring math symbol \Re on input line 98.
LaTeX Font Info:    Redeclaring math symbol \Im on input line 99.
LaTeX Font Info:    Redeclaring math delimiter \vert on input line 101.
LaTeX Font Info:    Redeclaring math delimiter \backslash on input line 103.
LaTeX Font Info:    Redeclaring math symbol \neg on input line 106.
LaTeX Font Info:    Redeclaring math symbol \wedge on input line 108.
LaTeX Font Info:    Redeclaring math symbol \vee on input line 110.
LaTeX Font Info:    Redeclaring math symbol \setminus on input line 112.
LaTeX Font Info:    Redeclaring math symbol \sim on input line 113.
LaTeX Font Info:    Redeclaring math symbol \mid on input line 114.
LaTeX Font Info:    Redeclaring math delimiter \arrowvert on input line 116.
LaTeX Font Info:    Redeclaring math symbol \mathsection on input line 117.
\symEulerExtension=\mathgroup9
LaTeX Font Info:    Redeclaring math symbol \coprod@ on input line 125.
LaTeX Font Info:    Redeclaring math symbol \prod@ on input line 125.
LaTeX Font Info:    Redeclaring math symbol \sum@ on input line 125.
LaTeX Font Info:    Redeclaring math symbol \intop on input line 130.
LaTeX Font Info:    Redeclaring math symbol \ointop on input line 131.
LaTeX Font Info:    Redeclaring math symbol \braceld on input line 132.
LaTeX Font Info:    Redeclaring math symbol \bracerd on input line 133.
LaTeX Font Info:    Redeclaring math symbol \bracelu on input line 134.
LaTeX Font Info:    Redeclaring math symbol \braceru on input line 135.
LaTeX Font Info:    Redeclaring math symbol \infty on input line 136.
LaTeX Font Info:    Redeclaring math symbol \nearrow on input line 153.
LaTeX Font Info:    Redeclaring math symbol \searrow on input line 154.
LaTeX Font Info:    Redeclaring math symbol \nwarrow on input line 155.
LaTeX Font Info:    Redeclaring math symbol \swarrow on input line 156.
LaTeX Font Info:    Redeclaring math symbol \Leftrightarrow on input line 157.
LaTeX Font Info:    Redeclaring math symbol \Leftarrow on input line 158.
LaTeX Font Info:    Redeclaring math symbol \Rightarrow on input line 159.
LaTeX Font Info:    Redeclaring math symbol \leftrightarrow on input line 160.
LaTeX Font Info:    Redeclaring math symbol \leftarrow on input line 161.
LaTeX Font Info:    Redeclaring math symbol \rightarrow on input line 163.
LaTeX Font Info:    Redeclaring math delimiter \uparrow on input line 166.
LaTeX Font Info:    Redeclaring math delimiter \downarrow on input line 168.
LaTeX Font Info:    Redeclaring math delimiter \updownarrow on input line 170.
LaTeX Font Info:    Redeclaring math delimiter \Uparrow on input line 172.
LaTeX Font Info:    Redeclaring math delimiter \Downarrow on input line 174.
LaTeX Font Info:    Redeclaring math delimiter \Updownarrow on input line 176.
LaTeX Font Info:    Redeclaring math symbol \leftharpoonup on input line 177.
LaTeX Font Info:    Redeclaring math symbol \leftharpoondown on input line 178.

LaTeX Font Info:    Redeclaring math symbol \rightharpoonup on input line 179.
LaTeX Font Info:    Redeclaring math symbol \rightharpoondown on input line 180
.
LaTeX Font Info:    Redeclaring math delimiter \lbrace on input line 182.
LaTeX Font Info:    Redeclaring math delimiter \rbrace on input line 184.
\symcmmigroup=\mathgroup10
LaTeX Font Info:    Overwriting symbol font `cmmigroup' in version `bold'
(Font)                  OML/cmm/m/it --> OML/cmm/b/it on input line 200.
LaTeX Font Info:    Redeclaring math accent \vec on input line 201.
LaTeX Font Info:    Redeclaring math symbol \triangleleft on input line 202.
LaTeX Font Info:    Redeclaring math symbol \triangleright on input line 203.
LaTeX Font Info:    Redeclaring math symbol \star on input line 204.
LaTeX Font Info:    Redeclaring math symbol \lhook on input line 205.
LaTeX Font Info:    Redeclaring math symbol \rhook on input line 206.
LaTeX Font Info:    Redeclaring math symbol \flat on input line 207.
LaTeX Font Info:    Redeclaring math symbol \natural on input line 208.
LaTeX Font Info:    Redeclaring math symbol \sharp on input line 209.
LaTeX Font Info:    Redeclaring math symbol \smile on input line 210.
LaTeX Font Info:    Redeclaring math symbol \frown on input line 211.
LaTeX Font Info:    Redeclaring math accent \grave on input line 245.
LaTeX Font Info:    Redeclaring math accent \acute on input line 246.
LaTeX Font Info:    Redeclaring math accent \tilde on input line 247.
LaTeX Font Info:    Redeclaring math accent \ddot on input line 248.
LaTeX Font Info:    Redeclaring math accent \check on input line 249.
LaTeX Font Info:    Redeclaring math accent \breve on input line 250.
LaTeX Font Info:    Redeclaring math accent \bar on input line 251.
LaTeX Font Info:    Redeclaring math accent \dot on input line 252.
LaTeX Font Info:    Redeclaring math accent \hat on input line 254.
) (/usr/share/texlive/texmf-dist/tex/latex/amsfonts/amssymb.sty
Package: amssymb 2013/01/14 v3.01 AMS font symbols
)
(/usr/share/texlive/texmf-dist/tex/latex/algorithms/algorithm.sty
Package: algorithm 2009/08/24 v0.1 Document Style `algorithm' - floating enviro
nment

(/usr/share/texlive/texmf-dist/tex/latex/float/float.sty
Package: float 2001/11/08 v1.3d Float enhancements (AL)
\c@float@type=\count104
\float@exts=\toks28
\float@box=\box28
\@float@everytoks=\toks29
\@floatcapt=\box29
)
(/usr/share/texlive/texmf-dist/tex/latex/base/ifthen.sty
Package: ifthen 2014/09/29 v1.1c Standard LaTeX ifthen package (DPC)
)
\@float@every@algorithm=\toks30
\c@algorithm=\count105
)
(/usr/share/texlive/texmf-dist/tex/latex/algorithmicx/algpseudocode.sty
Package: algpseudocode 

(/usr/share/texlive/texmf-dist/tex/latex/algorithmicx/algorithmicx.sty
Package: algorithmicx 2005/04/27 v1.2 Algorithmicx

Document Style algorithmicx 1.2 - a greatly improved `algorithmic' style
\c@ALG@line=\count106
\c@ALG@rem=\count107
\c@ALG@nested=\count108
\ALG@tlm=\skip49
\ALG@thistlm=\skip50
\c@ALG@Lnr=\count109
\c@ALG@blocknr=\count110
\c@ALG@storecount=\count111
\c@ALG@tmpcounter=\count112
\ALG@tmplength=\skip51
)
Document Style - pseudocode environments for use with the `algorithmicx' style
) (/usr/share/texlive/texmf-dist/tex/latex/rotating/rotating.sty
Package: rotating 2009/03/28 v2.16a rotated objects in LaTeX
\c@r@tfl@t=\count113
\rotFPtop=\skip52
\rotFPbot=\skip53
\rot@float@box=\box30
\rot@mess@toks=\toks31
)
(/usr/share/texlive/texmf-dist/tex/latex/multirow/bigstrut.sty
\bigstrutjot=\dimen115
)
(/usr/share/texlive/texmf-dist/tex/latex/subfigure/subfigure.sty
Package: subfigure 2002/03/15 v2.1.5 subfigure package
\subfigtopskip=\skip54
\subfigcapskip=\skip55
\subfigcaptopadj=\dimen116
\subfigbottomskip=\skip56
\subfigcapmargin=\dimen117
\subfiglabelskip=\skip57
\c@subfigure=\count114
\c@lofdepth=\count115
\c@subtable=\count116
\c@lotdepth=\count117

****************************************
* Local config file subfigure.cfg used *
****************************************
(/usr/share/texlive/texmf-dist/tex/latex/subfigure/subfigure.cfg)
\subfig@top=\skip58
\subfig@bottom=\skip59
)
(/usr/share/texlive/texmf-dist/tex/latex/appendix/appendix.sty
Package: appendix 2009/09/02 v1.2b extra appendix facilities
\c@@pps=\count118
\c@@ppsavesec=\count119
\c@@ppsaveapp=\count120
)
(/usr/share/texlive/texmf-dist/tex/latex/setspace/setspace.sty
Package: setspace 2011/12/19 v6.7a set line spacing
)
(/usr/share/texlive/texmf-dist/tex/latex/adjustbox/adjustbox.sty
Package: adjustbox 2012/05/21 v1.0 Adjusting TeX boxes (trim, clip, ...)

(/usr/share/texlive/texmf-dist/tex/latex/xkeyval/xkeyval.sty
Package: xkeyval 2014/12/03 v2.7a package option processing (HA)

(/usr/share/texlive/texmf-dist/tex/generic/xkeyval/xkeyval.tex
(/usr/share/texlive/texmf-dist/tex/generic/xkeyval/xkvutils.tex
\XKV@toks=\toks32
\XKV@tempa@toks=\toks33
)
\XKV@depth=\count121
File: xkeyval.tex 2014/12/03 v2.7a key=value parser (HA)
))
(/usr/share/texlive/texmf-dist/tex/latex/adjustbox/adjcalc.sty
Package: adjcalc 2012/05/16 v1.1 Provides advanced setlength with multiple back
-ends (calc, etex, pgfmath)
)
(/usr/share/texlive/texmf-dist/tex/latex/adjustbox/trimclip.sty
Package: trimclip 2012/05/16 v1.0 Trim and clip general TeX material

(/usr/share/texlive/texmf-dist/tex/latex/collectbox/collectbox.sty
Package: collectbox 2012/05/17 v0.4b Collect macro arguments as boxes
\collectedbox=\box31
)
\tc@llx=\dimen118
\tc@lly=\dimen119
\tc@urx=\dimen120
\tc@ury=\dimen121
Package trimclip Info: Using driver 'tc-pdftex.def'.

(/usr/share/texlive/texmf-dist/tex/latex/adjustbox/tc-pdftex.def
File: tc-pdftex.def 2012/05/13 v1.0 Clipping driver for pdftex
))
\adjbox@Width=\dimen122
\adjbox@Height=\dimen123
\adjbox@Depth=\dimen124
\adjbox@Totalheight=\dimen125

(/usr/share/texlive/texmf-dist/tex/latex/ifoddpage/ifoddpage.sty
Package: ifoddpage 2011/09/13 v1.0 Conditionals for odd/even page detection
\c@checkoddpage=\count122
)
(/usr/share/texlive/texmf-dist/tex/latex/varwidth/varwidth.sty
Package: varwidth 2009/03/30 ver 0.92;  Variable-width minipages
\@vwid@box=\box32
\sift@deathcycles=\count123
\@vwid@loff=\dimen126
\@vwid@roff=\dimen127
))
\c@theorem=\count124
\c@corollary=\count125
\c@lemma=\count126
\c@proposition=\count127
\c@definition=\count128
\c@notation=\count129

(./documentation.aux)
\openout1 = `documentation.aux'.

LaTeX Font Info:    Checking defaults for OML/cmm/m/it on input line 56.
LaTeX Font Info:    ... okay on input line 56.
LaTeX Font Info:    Checking defaults for T1/cmr/m/n on input line 56.
LaTeX Font Info:    ... okay on input line 56.
LaTeX Font Info:    Checking defaults for OT1/cmr/m/n on input line 56.
LaTeX Font Info:    ... okay on input line 56.
LaTeX Font Info:    Checking defaults for OMS/cmsy/m/n on input line 56.
LaTeX Font Info:    ... okay on input line 56.
LaTeX Font Info:    Checking defaults for OMX/cmex/m/n on input line 56.
LaTeX Font Info:    ... okay on input line 56.
LaTeX Font Info:    Checking defaults for U/cmr/m/n on input line 56.
LaTeX Font Info:    ... okay on input line 56.

(/usr/share/texlive/texmf-dist/tex/context/base/supp-pdf.mkii
[Loading MPS to PDF converter (version 2006.09.02).]
\scratchcounter=\count130
\scratchdimen=\dimen128
\scratchbox=\box33
\nofMPsegments=\count131
\nofMParguments=\count132
\everyMPshowfont=\toks34
\MPscratchCnt=\count133
\MPscratchDim=\dimen129
\MPnumerator=\count134
\makeMPintoPDFobject=\count135
\everyMPtoPDFconversion=\toks35
) (/usr/share/texlive/texmf-dist/tex/generic/oberdiek/pdftexcmds.sty
Package: pdftexcmds 2011/11/29 v0.20 Utility functions of pdfTeX for LuaTeX (HO
)

(/usr/share/texlive/texmf-dist/tex/generic/oberdiek/ifluatex.sty
Package: ifluatex 2010/03/01 v1.3 Provides the ifluatex switch (HO)
Package ifluatex Info: LuaTeX not detected.
)
(/usr/share/texlive/texmf-dist/tex/generic/oberdiek/ifpdf.sty
Package: ifpdf 2011/01/30 v2.3 Provides the ifpdf switch (HO)
Package ifpdf Info: pdfTeX in PDF mode is detected.
)
Package pdftexcmds Info: LuaTeX not detected.
Package pdftexcmds Info: \pdf@primitive is available.
Package pdftexcmds Info: \pdf@ifprimitive is available.
Package pdftexcmds Info: \pdfdraftmode found.
)
(/usr/share/texlive/texmf-dist/tex/latex/oberdiek/epstopdf-base.sty
Package: epstopdf-base 2010/02/09 v2.5 Base part for package epstopdf

(/usr/share/texlive/texmf-dist/tex/latex/oberdiek/grfext.sty
Package: grfext 2010/08/19 v1.1 Manage graphics extensions (HO)

(/usr/share/texlive/texmf-dist/tex/generic/oberdiek/kvdefinekeys.sty
Package: kvdefinekeys 2011/04/07 v1.3 Define keys (HO)
))
(/usr/share/texlive/texmf-dist/tex/latex/oberdiek/kvoptions.sty
Package: kvoptions 2011/06/30 v3.11 Key value format for package options (HO)

(/usr/share/texlive/texmf-dist/tex/generic/oberdiek/kvsetkeys.sty
Package: kvsetkeys 2012/04/25 v1.16 Key value parser (HO)

(/usr/share/texlive/texmf-dist/tex/generic/oberdiek/etexcmds.sty
Package: etexcmds 2011/02/16 v1.5 Avoid name clashes with e-TeX commands (HO)
Package etexcmds Info: Could not find \expanded.
(etexcmds)             That can mean that you are not using pdfTeX 1.50 or
(etexcmds)             that some package has redefined \expanded.
(etexcmds)             In the latter case, load this package earlier.
)))
Package grfext Info: Graphics extension search list:
(grfext)             [.png,.pdf,.jpg,.mps,.jpeg,.jbig2,.jb2,.PNG,.PDF,.JPG,.JPE
G,.JBIG2,.JB2,.eps]
(grfext)             \AppendGraphicsExtensions on input line 452.

(/usr/share/texlive/texmf-dist/tex/latex/latexconfig/epstopdf-sys.cfg
File: epstopdf-sys.cfg 2010/07/13 v1.3 Configuration of (r)epstopdf for TeX Liv
e
))
LaTeX Font Info:    Redeclaring symbol font `operators' on input line 56.
LaTeX Font Info:    Encoding `OT1' has changed to `T1' for symbol font
(Font)              `operators' in the math version `normal' on input line 56.
LaTeX Font Info:    Overwriting symbol font `operators' in version `normal'
(Font)                  OT1/cmr/m/n --> T1/cmr/m/n on input line 56.
LaTeX Font Info:    Encoding `OT1' has changed to `T1' for symbol font
(Font)              `operators' in the math version `bold' on input line 56.
LaTeX Font Info:    Overwriting symbol font `operators' in version `bold'
(Font)                  OT1/cmr/bx/n --> T1/cmr/m/n on input line 56.
LaTeX Font Info:    Overwriting symbol font `operators' in version `bold'
(Font)                  T1/cmr/m/n --> T1/cmr/bx/n on input line 56.
LaTeX Font Info:    Redeclaring math alphabet \mathbf on input line 56.
LaTeX Font Info:    Overwriting math alphabet `\mathbf' in version `normal'
(Font)                  OT1/cmr/bx/n --> T1/cmr/bx/n on input line 56.
LaTeX Font Info:    Overwriting math alphabet `\mathbf' in version `bold'
(Font)                  OT1/cmr/bx/n --> T1/cmr/bx/n on input line 56.
LaTeX Font Info:    Redeclaring math alphabet \mathsf on input line 56.
LaTeX Font Info:    Overwriting math alphabet `\mathsf' in version `normal'
(Font)                  OT1/cmss/m/n --> T1/cmss/m/n on input line 56.
LaTeX Font Info:    Overwriting math alphabet `\mathsf' in version `bold'
(Font)                  OT1/cmss/bx/n --> T1/cmss/m/n on input line 56.
LaTeX Font Info:    Redeclaring math alphabet \mathit on input line 56.
LaTeX Font Info:    Overwriting math alphabet `\mathit' in version `normal'
(Font)                  OT1/cmr/m/it --> T1/cmr/m/it on input line 56.
LaTeX Font Info:    Overwriting math alphabet `\mathit' in version `bold'
(Font)                  OT1/cmr/bx/it --> T1/cmr/m/it on input line 56.
LaTeX Font Info:    Redeclaring math alphabet \mathtt on input line 56.
LaTeX Font Info:    Overwriting math alphabet `\mathtt' in version `normal'
(Font)                  OT1/cmtt/m/n --> T1/cmtt/m/n on input line 56.
LaTeX Font Info:    Overwriting math alphabet `\mathtt' in version `bold'
(Font)                  OT1/cmtt/m/n --> T1/cmtt/m/n on input line 56.
LaTeX Font Info:    Overwriting math alphabet `\mathsf' in version `bold'
(Font)                  T1/cmss/m/n --> T1/cmss/bx/n on input line 56.
LaTeX Font Info:    Overwriting math alphabet `\mathit' in version `bold'
(Font)                  T1/cmr/m/it --> T1/cmr/bx/it on input line 56.

(/usr/share/texlive/texmf-dist/tex/latex/base/report.cls
LaTeX Info: Redefining \cal on input line 591.
LaTeX Info: Redefining \mit on input line 592.
)
<./Abrak/Egyeb/elte_logo.jpg, id=1, 147.55125pt x 147.55125pt>
File: ./Abrak/Egyeb/elte_logo.jpg Graphic file (type jpg)

<use ./Abrak/Egyeb/elte_logo.jpg>
Package pdftex.def Info: ./Abrak/Egyeb/elte_logo.jpg used on input line 91.
(pdftex.def)             Requested size: 103.28516pt x 103.28516pt.
 [1


{/var/lib/texmf/fonts/map/pdftex/updmap/pdftex.map} <./Abrak/Egyeb/elte_logo.jp
g>] (./documentation.toc
LaTeX Font Info:    Try loading font information for U+eur on input line 2.

(/usr/share/texlive/texmf-dist/tex/latex/amsfonts/ueur.fd
File: ueur.fd 2013/01/14 v3.01 Euler Roman
)
LaTeX Font Info:    Try loading font information for U+msa on input line 2.

(/usr/share/texlive/texmf-dist/tex/latex/amsfonts/umsa.fd
File: umsa.fd 2013/01/14 v3.01 AMS symbols A
)
LaTeX Font Info:    Try loading font information for U+msb on input line 2.

(/usr/share/texlive/texmf-dist/tex/latex/amsfonts/umsb.fd
File: umsb.fd 2013/01/14 v3.01 AMS symbols B
)
LaTeX Font Info:    Try loading font information for U+lasy on input line 2.

(/usr/share/texlive/texmf-dist/tex/latex/base/ulasy.fd
File: ulasy.fd 1998/08/17 v2.2e LaTeX symbol font definitions
)
LaTeX Font Info:    Try loading font information for U+euf on input line 2.

(/usr/share/texlive/texmf-dist/tex/latex/amsfonts/ueuf.fd
File: ueuf.fd 2013/01/14 v3.01 Euler Fraktur
)
LaTeX Font Info:    Try loading font information for U+eus on input line 2.

(/usr/share/texlive/texmf-dist/tex/latex/amsfonts/ueus.fd
File: ueus.fd 2013/01/14 v3.01 Euler Script
)
LaTeX Font Info:    Try loading font information for U+euex on input line 2.

(/usr/share/texlive/texmf-dist/tex/latex/amsfonts/ueuex.fd
File: ueuex.fd 2013/01/14 v3.01 Euler extra symbols
) [1



pdfTeX warning: pdflatex: pop empty color page stack 0
])
\tf@toc=\write3
\openout3 = `documentation.toc'.

 [2]
1. fejezet.
[3

]

LaTeX Warning: Command \' invalid in math mode on input line 121.

[4] <./Abrak/Egyeb/ecg_wiki.png, id=28, 610.28pt x 602.25pt>
File: ./Abrak/Egyeb/ecg_wiki.png Graphic file (type png)

<use ./Abrak/Egyeb/ecg_wiki.png>
Package pdftex.def Info: ./Abrak/Egyeb/ecg_wiki.png used on input line 126.
(pdftex.def)             Requested size: 225.80006pt x 222.82901pt.
 [5 <./Abrak/Egyeb/ecg_wiki.png>]

Package amsfonts Warning: Obsolete command \Bbb; \mathbb should be used instead
 on input line 141.

<./Abrak/Egyeb/phi0.pdf, id=34, 597.23125pt x 845.1575pt>
File: ./Abrak/Egyeb/phi0.pdf Graphic file (type pdf)

<use ./Abrak/Egyeb/phi0.pdf>
Package pdftex.def Info: ./Abrak/Egyeb/phi0.pdf used on input line 158.
(pdftex.def)             Requested size: 100.67453pt x 96.23781pt.

<./Abrak/Egyeb/phi1.pdf, id=36, 597.23125pt x 845.1575pt>
File: ./Abrak/Egyeb/phi1.pdf Graphic file (type pdf)

<use ./Abrak/Egyeb/phi1.pdf>
Package pdftex.def Info: ./Abrak/Egyeb/phi1.pdf used on input line 159.
(pdftex.def)             Requested size: 100.67453pt x 96.23781pt.

<./Abrak/Egyeb/phi2.pdf, id=38, 597.23125pt x 845.1575pt>
File: ./Abrak/Egyeb/phi2.pdf Graphic file (type pdf)

<use ./Abrak/Egyeb/phi2.pdf>
Package pdftex.def Info: ./Abrak/Egyeb/phi2.pdf used on input line 160.
(pdftex.def)             Requested size: 100.67453pt x 96.23781pt.

<./Abrak/Egyeb/phi3.pdf, id=40, 597.23125pt x 845.1575pt>
File: ./Abrak/Egyeb/phi3.pdf Graphic file (type pdf)

<use ./Abrak/Egyeb/phi3.pdf>
Package pdftex.def Info: ./Abrak/Egyeb/phi3.pdf used on input line 161.
(pdftex.def)             Requested size: 100.67453pt x 96.23781pt.
 [6]
Underfull \hbox (badness 10000) in paragraph at lines 182--191

 []


Underfull \hbox (badness 10000) in paragraph at lines 182--191

 []


Underfull \hbox (badness 10000) in paragraph at lines 182--191

 []


Underfull \hbox (badness 10000) in paragraph at lines 182--191

 []


Underfull \hbox (badness 10000) in paragraph at lines 193--196

 []


Underfull \hbox (badness 10000) in paragraph at lines 201--205

 []


Underfull \hbox (badness 10000) in paragraph at lines 201--205

 []

[7 <./Abrak/Egyeb/phi0.pdf> <./Abrak/Egyeb/phi1.pdf> <./Abrak/Egyeb/phi2.pdf> <
./Abrak/Egyeb/phi3.pdf>]
<./Abrak/Ereszkedo1/F_2sz.png, id=80, 259.56975pt x 262.581pt>
File: ./Abrak/Ereszkedo1/F_2sz.png Graphic file (type png)

<use ./Abrak/Ereszkedo1/F_2sz.png>
Package pdftex.def Info: ./Abrak/Ereszkedo1/F_2sz.png used on input line 246.
(pdftex.def)             Requested size: 284.52756pt x 287.83429pt.
 [8]
<./Abrak/Ereszkedo1/Er36.png, id=84, 1313.90875pt x 441.65pt>
File: ./Abrak/Ereszkedo1/Er36.png Graphic file (type png)

<use ./Abrak/Ereszkedo1/Er36.png>
Package pdftex.def Info: ./Abrak/Ereszkedo1/Er36.png used on input line 253.
(pdftex.def)             Requested size: 398.33858pt x 133.89774pt.
 [9 <./Abrak/Ereszkedo1/F_2sz.png> <./Abrak/Ereszkedo1/Er36.png>] <./Abrak/Egye
b/NMT1.PNG, id=88, 501.875pt x 451.6875pt>
File: ./Abrak/Egyeb/NMT1.PNG Graphic file (type png)

<use ./Abrak/Egyeb/NMT1.PNG>
Package pdftex.def Info: ./Abrak/Egyeb/NMT1.PNG used on input line 285.
(pdftex.def)             Requested size: 125.26503pt x 103.60458pt.

<./Abrak/Egyeb/NMT2.PNG, id=90, 552.0625pt x 451.6875pt>
File: ./Abrak/Egyeb/NMT2.PNG Graphic file (type png)

<use ./Abrak/Egyeb/NMT2.PNG>
Package pdftex.def Info: ./Abrak/Egyeb/NMT2.PNG used on input line 286.
(pdftex.def)             Requested size: 138.31348pt x 103.60458pt.

<./Abrak/Egyeb/NMT3.PNG, id=92, 602.25pt x 451.6875pt>
File: ./Abrak/Egyeb/NMT3.PNG Graphic file (type png)

<use ./Abrak/Egyeb/NMT3.PNG>
Package pdftex.def Info: ./Abrak/Egyeb/NMT3.PNG used on input line 287.
(pdftex.def)             Requested size: 151.36191pt x 103.60458pt.

<./Abrak/Egyeb/NMT4.PNG, id=94, 702.625pt x 437.635pt>
File: ./Abrak/Egyeb/NMT4.PNG Graphic file (type png)

<use ./Abrak/Egyeb/NMT4.PNG>
Package pdftex.def Info: ./Abrak/Egyeb/NMT4.PNG used on input line 288.
(pdftex.def)             Requested size: 177.4588pt x 65.50305pt.

<./Abrak/Egyeb/NMT5.PNG, id=96, 702.625pt x 435.6275pt>
File: ./Abrak/Egyeb/NMT5.PNG Graphic file (type png)

<use ./Abrak/Egyeb/NMT5.PNG>
Package pdftex.def Info: ./Abrak/Egyeb/NMT5.PNG used on input line 289.
(pdftex.def)             Requested size: 177.4588pt x 64.98111pt.
 [10 <./Abrak/Egyeb/NMT1.PNG> <./Abrak/Egyeb/NMT2.PNG> <./Abrak/Egyeb/NMT3.PNG>
 <./Abrak/Egyeb/NMT4.PNG> <./Abrak/Egyeb/NMT5.PNG>] [11]
LaTeX Font Info:    Font shape `U/lasy/b/n' in size <8> not available
(Font)              Font shape `U/lasy/m/n' tried instead on input line 335.
LaTeX Font Info:    Font shape `U/lasy/b/n' in size <6> not available
(Font)              Font shape `U/lasy/m/n' tried instead on input line 335.
 <./Abrak/Lepesek/abra_lepes0.pdf, id=109, 597.23125pt x 845.1575pt>
File: ./Abrak/Lepesek/abra_lepes0.pdf Graphic file (type pdf)

<use ./Abrak/Lepesek/abra_lepes0.pdf>
Package pdftex.def Info: ./Abrak/Lepesek/abra_lepes0.pdf used on input line 349
.
(pdftex.def)             Requested size: 188.2024pt x 141.52773pt.

<./Abrak/Lepesek/abra_lepes1.pdf, id=111, 597.23125pt x 845.1575pt>
File: ./Abrak/Lepesek/abra_lepes1.pdf Graphic file (type pdf)

<use ./Abrak/Lepesek/abra_lepes1.pdf>
Package pdftex.def Info: ./Abrak/Lepesek/abra_lepes1.pdf used on input line 350
.
(pdftex.def)             Requested size: 188.2024pt x 141.52773pt.

<./Abrak/Lepesek/abra_lepes2.pdf, id=113, 597.23125pt x 845.1575pt>
File: ./Abrak/Lepesek/abra_lepes2.pdf Graphic file (type pdf)

<use ./Abrak/Lepesek/abra_lepes2.pdf>
Package pdftex.def Info: ./Abrak/Lepesek/abra_lepes2.pdf used on input line 351
.
(pdftex.def)             Requested size: 188.2024pt x 141.52773pt.

<./Abrak/Lepesek/abra_lepes3.pdf, id=115, 597.23125pt x 845.1575pt>
File: ./Abrak/Lepesek/abra_lepes3.pdf Graphic file (type pdf)

<use ./Abrak/Lepesek/abra_lepes3.pdf>
Package pdftex.def Info: ./Abrak/Lepesek/abra_lepes3.pdf used on input line 352
.
(pdftex.def)             Requested size: 188.2024pt x 141.52773pt.
 [12] [13 <./Abrak/Lepesek/abra_lepes0.pdf> <./Abrak/Lepesek/abra_lepes1.pdf> <
./Abrak/Lepesek/abra_lepes2.pdf> <./Abrak/Lepesek/abra_lepes3.pdf>]
2. fejezet.
LaTeX Font Info:    Try loading font information for OMS+cmr on input line 369.

(/usr/share/texlive/texmf-dist/tex/latex/base/omscmr.fd
File: omscmr.fd 2014/09/29 v2.5h Standard LaTeX font definitions
)
LaTeX Font Info:    Font shape `OMS/cmr/m/n' in size <12> not available
(Font)              Font shape `OMS/cmsy/m/n' tried instead on input line 369.
LaTeX Font Info:    Try loading font information for T1+cmtt on input line 371.


(/usr/share/texlive/texmf-dist/tex/latex/base/t1cmtt.fd
File: t1cmtt.fd 2014/09/29 v2.5h Standard LaTeX font definitions
) [14

]
<./Abrak/WWW/buildDone.jpg, id=150, 900.36375pt x 64.24pt>
File: ./Abrak/WWW/buildDone.jpg Graphic file (type jpg)

<use ./Abrak/WWW/buildDone.jpg>
Package pdftex.def Info: ./Abrak/WWW/buildDone.jpg used on input line 390.
(pdftex.def)             Requested size: 426.79134pt x 30.45157pt.
 [15 <./Abrak/WWW/buildDone.jpg>]
Underfull \hbox (badness 2932) in paragraph at lines 410--411
\T1/cmr/m/n/12 El®-ször a \T1/cmtt/m/n/12 http://localhost/szakdolgozat/www/szd
/compresion_loading.php
 []

<./Abrak/WWW/tom_alap.png, id=154, 1371.1225pt x 770.88pt>
File: ./Abrak/WWW/tom_alap.png Graphic file (type png)

<use ./Abrak/WWW/tom_alap.png>
Package pdftex.def Info: ./Abrak/WWW/tom_alap.png used on input line 414.
(pdftex.def)             Requested size: 426.79134pt x 239.94662pt.
 [16]
Underfull \hbox (badness 3503) in paragraph at lines 421--422
\T1/cmr/m/n/12 Ek-kor a \T1/cmtt/m/n/12 http://localhost/szakdolgozat/www/szd/d
ecompresion_normal.php
 []


Underfull \hbox (badness 3646) in paragraph at lines 421--422
\T1/cmtt/m/n/12 http://localhost/szakdolgozat/www/szd/decompresion_loading.php 
\T1/cmr/m/n/12 URL-en
 []

<./Abrak/WWW/kitom_alap.png, id=158, 1371.1225pt x 770.88pt>
File: ./Abrak/WWW/kitom_alap.png Graphic file (type png)

<use ./Abrak/WWW/kitom_alap.png>
Package pdftex.def Info: ./Abrak/WWW/kitom_alap.png used on input line 425.
(pdftex.def)             Requested size: 426.79134pt x 239.94662pt.
 [17 <./Abrak/WWW/tom_alap.png>]
Overfull \hbox (1.78755pt too wide) in paragraph at lines 432--433
\T1/cmtt/m/n/12 generált .cmp elérési útvonala] [A tömöríteni kívánt szívütések
 száma]\T1/cmr/m/n/12 .
 []

<./Abrak/WWW/manualis_tom.jpg, id=162, 1074.0125pt x 178.6675pt>
File: ./Abrak/WWW/manualis_tom.jpg Graphic file (type jpg)

<use ./Abrak/WWW/manualis_tom.jpg>
Package pdftex.def Info: ./Abrak/WWW/manualis_tom.jpg used on input line 436.
(pdftex.def)             Requested size: 426.79134pt x 70.99954pt.
 [18 <./Abrak/WWW/kitom_alap.png>] [19 <./Abrak/WWW/manualis_tom.jpg>]
3. fejezet.
[20

] [21] [22] [23] [24]
Underfull \hbox (badness 10000) in paragraph at lines 484--485
\T1/cmr/m/n/12 rend-szer-hí-vá-son ke-resz-tül in-vo-ká-ló \T1/cmtt/m/n/12 laun
ch_compression.php \T1/cmr/m/n/12 scrip-tet.
 []


Overfull \hbox (4.40155pt too wide) in paragraph at lines 486--487
\T1/cmr/m/n/12 ál-lo-mány-ban de-fi-ni-ált \T1/cmtt/m/n/12 createLinkForDownloa
d() \T1/cmr/m/n/12 ja-vascript függ-vény vég-zi. Amennyi-
 []

<./Abrak/WWW/comp_loading.png, id=186, 1371.1225pt x 770.88pt>
File: ./Abrak/WWW/comp_loading.png Graphic file (type png)

<use ./Abrak/WWW/comp_loading.png>
Package pdftex.def Info: ./Abrak/WWW/comp_loading.png used on input line 490.
(pdftex.def)             Requested size: 426.79134pt x 239.94662pt.
 [25]
Overfull \hbox (2.1376pt too wide) in paragraph at lines 502--503
\T1/cmr/m/n/12 A \T1/cmtt/m/n/12 decompression_loading.php \T1/cmr/m/n/12 scrip
t a \T1/cmtt/m/n/12 /www/szd/decompression_loading.php \T1/cmr/m/n/12 út-
 []

[26 <./Abrak/WWW/comp_loading.png>]
Underfull \hbox (badness 10000) in paragraph at lines 510--511
\T1/cmr/m/n/12 le-fut-tat-ja a \T1/cmtt/m/n/12 /www/szd/server_scripts/clean_re
sults.sh \T1/cmr/m/n/12 bash scrip-tet.
 []


Underfull \hbox (badness 10000) in paragraph at lines 515--516
\T1/cmr/m/n/12 mö-rí-té-si üzem-mód-ban, vagy-is lét-re-hoz-za a le-tölt-he-t® 
.cmp ál-lo-mányt a
 []

[27] [28] [29] [30]
Underfull \hbox (badness 10000) in paragraph at lines 558--559
\T1/cmr/m/n/12 nak. Az osz-tály dest-ruk-to-ra eze-ket a cí-me-ket sza-ba-dít-j
a fel.
 []


Underfull \hbox (badness 10000) in paragraph at lines 558--559
\T1/cmr/m/n/12 Eze-ken kí-vül össze-sen öt pub-li-kus hoz-zá-fér-he-t®-sé-g¶ fü
gg-vényt de-fi-ni-ál.
 []


Underfull \hbox (badness 1845) in paragraph at lines 558--559
\T1/cmr/m/n/12 A \T1/cmtt/m/n/12 const Eigen::MatrixXd* getSignal()\T1/cmr/m/n/
12 , il-let-ve a \T1/cmtt/m/n/12 const Eigen::MatrixXd*
 []

[31]
Underfull \hbox (badness 1552) in paragraph at lines 572--573
\T1/cmr/m/n/12 Az Ecg-Sig-Prep mo-dult a \T1/cmtt/m/n/12 /src/headers/EcgSigPre
p.h \T1/cmr/m/n/12 ál-lo-mány-ban dek-la-rált
 []

[32]
Underfull \hbox (badness 1859) in paragraph at lines 587--588
[]\T1/cmr/m/n/12 Az \T1/cmtt/m/n/12 EcgSigPrep \T1/cmr/m/n/12 osz-tály pub-li-k
us függ-vé-nye-ként de-fi-ni-ált \T1/cmtt/m/n/12 Eigen::MatrixXd
 []


Underfull \hbox (badness 10000) in paragraph at lines 587--588
\T1/cmtt/m/n/12 setDilatTrans(const double &l, const double &t, const Eigen::Ma
trixXd*
 []

[33] [34]
Overfull \hbox (3.0288pt too wide) in paragraph at lines 619--620
[]\T1/cmr/m/n/12 A konst-ruk-tor, il-let-ve a vir-tu-á-lis dest-ruk-tor imp-le-
men-tá-ci-ói a \T1/cmtt/m/n/12 /src/OrtFunSys.cpp
 []

[35] [36] [37] [38]
Underfull \hbox (badness 2884) in paragraph at lines 678--679
[]\T1/cmr/m/n/12 Az osz-tály öt pub-li-kus függ-vénnyel ren-del-ke-zik. Az el-s
® ezek kö-zül az
 []

[39] [40] [41]
Overfull \hbox (0.79971pt too wide) in paragraph at lines 713--714
\T1/cmr/m/n/12 tí-pu-sú, \T1/cmtt/m/n/12 population \T1/cmr/m/n/12 azo-no-sí-tó
-jú pro-tec-ted hoz-zá-fér-he-t®-sé-g¶ adat-ta-got. En-nek az adat-
 []

[42]
Overfull \hbox (1.3626pt too wide) in paragraph at lines 759--760
\T1/cmr/m/n/12 su-it mo-dult az \T1/cmtt/m/n/12 /src/headers/MatchingPursuit.h\
T1/cmr/m/n/12 , és a \T1/cmtt/m/n/12 /src/MatchingPursuit.cpp
 []

[43]
Overfull \hbox (2.64621pt too wide) in paragraph at lines 773--782
\T1/cmr/m/n/12 kí-vül csu-pán egy pub-li-kus hoz-zá-fér-he-t®-sé-g¶ függ-vényt 
de-fi-ni-ál, amely \T1/cmtt/m/n/12 OrtCompressed*
 []

[44] [45]
Underfull \hbox (badness 10000) in paragraph at lines 787--788
\T1/cmr/m/n/12 a
 []

[46] [47] [48] [49]
Underfull \hbox (badness 10000) in paragraph at lines 836--837
\T1/cmr/m/n/12 lasz-tá-sa és tö-mö-rí-té-se. An-nak el-len-®r-zé-se, hogy az in
-ter-fész a
 []


Underfull \hbox (badness 10000) in paragraph at lines 838--839
\T1/cmr/m/n/12 lasz-tá-sa és tö-mö-rí-té-se. An-nak el-len-®r-zé-se, hogy az in
-ter-fész a
 []


Overfull \hbox (7.75983pt too wide) in paragraph at lines 849--850
\T1/cmr/m/n/12 A ki-tö-mö-rí-té-si funk-ció we-bes fe-lü-let-hez köt-he-t® ré-s
zé-ért a \T1/cmtt/m/n/12 decompression_normal.php\T1/cmr/m/n/12 ,
 []


Underfull \hbox (badness 10000) in paragraph at lines 854--855
\T1/cmr/m/n/12 vá-lasz-tá-sa és ki-tö-mö-rí-té-se. An-nak el-len-®r-zé-se, hogy
 az in-ter-fész a
 []


Underfull \hbox (badness 10000) in paragraph at lines 856--857
\T1/cmr/m/n/12 vá-lasz-tá-sa és ki-tö-mö-rí-té-se. An-nak el-len-®r-zé-se, hogy
 az in-ter-fész a
 []

[50]
Overfull \hbox (2.85905pt too wide) in paragraph at lines 865--866
\T1/cmtt/m/n/12 /src/mt/[az aktuális modul neve] \T1/cmr/m/n/12 út-vo-nal men-t
én ér-he-t®k el. Min-den mo-dul tesz-
 []


Overfull \hbox (1.79735pt too wide) in paragraph at lines 870--871
\T1/cmr/m/n/12 A Sig-Prep il-let-ve az Ecg-Sig-Prep mo-du-lok-hoz tar-to-zó mo-
dul teszt a \T1/cmtt/m/n/12 /src/mt/sigPrepE
 []


Overfull \hbox (4.31003pt too wide) in paragraph at lines 870--871
\T1/cmr/m/n/12 tesz-te-se-tek de-fi-ní-ci-ó-i-val. Az egyes tesz-te-se-tek ki-m
e-ne-tét a \T1/cmtt/m/n/12 /src/mt/sigPrepEcgSigPre
 []

[51]
Overfull \hbox (4.31003pt too wide) in paragraph at lines 894--895
\T1/cmr/m/n/12 tesz-te-se-tek de-fi-ní-ci-ó-i-val. Az egyes tesz-te-se-tek ki-m
e-ne-tét a \T1/cmtt/m/n/12 /src/mt/ortFunSysHermite
 []


Underfull \hbox (badness 1590) in paragraph at lines 919--920
\T1/cmr/m/n/12 Az Comp-res-ser il-let-ve az Ort-Comp-res-ser mo-du-lok-hoz tar-
to-zó mo-dul teszt a
 []


Underfull \hbox (badness 10000) in paragraph at lines 919--920
\T1/cmtt/m/n/12 /src/mt/compresserOrt
 []


Underfull \hbox (badness 10000) in paragraph at lines 919--920
\T1/cmr/m/n/12 mé-te-re-it ad-ja meg mak-rók se-gít-sé-gé-vel, eze-ket pe-dig a
 \T1/cmtt/m/n/12 main \T1/cmr/m/n/12 függ-vény
 []


Underfull \hbox (badness 3668) in paragraph at lines 919--920
\T1/cmr/m/n/12 kö-ve-ti az egyes tesz-te-se-tek de-fi-ní-ci-ó-i-val. Az egyes t
esz-te-se-tek ki-me-ne-tét a
 []


Overfull \hbox (8.89275pt too wide) in paragraph at lines 919--920
\T1/cmtt/m/n/12 /src/mt/compresserOrtCompresser/output/mt_results.txt \T1/cmr/m
/n/12 szö-ve-ges ál-lo-mány tar-
 []

[52]
Overfull \hbox (46.23222pt too wide) in paragraph at lines 942--943
\T1/cmr/m/n/12 Az Op-ti-mi-zer il-let-ve az Nel-der-Me-ad mo-du-lok-hoz tar-to-
zó mo-dul teszt a \T1/cmtt/m/n/12 /src/mt/optimizerNel
 []


Overfull \hbox (4.31003pt too wide) in paragraph at lines 942--943
\T1/cmr/m/n/12 tesz-te-se-tek de-fi-ní-ci-ó-i-val. Az egyes tesz-te-se-tek ki-m
e-ne-tét a \T1/cmtt/m/n/12 /src/mt/ortFunSysHermite
 []


Underfull \hbox (badness 4505) in paragraph at lines 963--964
\T1/cmr/m/n/12 meg mak-rók se-gít-sé-gé-vel, eze-ket pe-dig a \T1/cmtt/m/n/12 m
ain \T1/cmr/m/n/12 függ-vény kö-ve-ti az egyes
 []


Underfull \hbox (badness 10000) in paragraph at lines 963--964
\T1/cmr/m/n/12 tesz-te-se-tek de-fi-ní-ci-ó-i-val. Az egyes tesz-te-se-tek ki-m
e-ne-tét a
 []

[53] [54]
<./Abrak/Eredeti_Hermite/abra1.pdf, id=283, 597.23125pt x 845.1575pt>
File: ./Abrak/Eredeti_Hermite/abra1.pdf Graphic file (type pdf)

<use ./Abrak/Eredeti_Hermite/abra1.pdf>
Package pdftex.def Info: ./Abrak/Eredeti_Hermite/abra1.pdf used on input line 1
016.
(pdftex.def)             Requested size: 198.23988pt x 141.52773pt.

<Abrak/Sajat_Hermite_Nelder_Mead/abra1.pdf, id=285, 597.23125pt x 845.1575pt>
File: Abrak/Sajat_Hermite_Nelder_Mead/abra1.pdf Graphic file (type pdf)

<use Abrak/Sajat_Hermite_Nelder_Mead/abra1.pdf>
Package pdftex.def Info: Abrak/Sajat_Hermite_Nelder_Mead/abra1.pdf used on inpu
t line 1017.
(pdftex.def)             Requested size: 198.23988pt x 141.52773pt.
 [55] [56 <./Abrak/Eredeti_Hermite/abra1.pdf> <./Abrak/Sajat_Hermite_Nelder_Mea
d/abra1.pdf>]
4. fejezet.

Overfull \hbox (3.89479pt too wide) in paragraph at lines 1028--1029
\T1/cmr/m/n/12 tö-mö-rí-t® el-já-rás konst-ruk-ci-ó-ja ke-rült be-mu-ta-tás-ra.
 A mód-szer adap-tív, amit a Hermite-
 []


Overfull \hbox (0.16557pt too wide) in paragraph at lines 1028--1029
\T1/cmr/m/n/12 függvények ar-gu-men-tum transz-for-má-ci-ó-já-val ér-tünk el. A
 rep-re-zen-tá-ció sza-bad $\U/euf/m/n/12 (\U/eur/m/n/12 a[]; ^^U[]\U/euf/m/n/1
2 )$
 []

[57

] <./Abrak/Kitekintes/abra762_bad.pdf, id=306, 597.23125pt x 845.1575pt>
File: ./Abrak/Kitekintes/abra762_bad.pdf Graphic file (type pdf)

<use ./Abrak/Kitekintes/abra762_bad.pdf>
Package pdftex.def Info: ./Abrak/Kitekintes/abra762_bad.pdf used on input line 
1034.
(pdftex.def)             Requested size: 198.23988pt x 141.52773pt.

<./Abrak/Kitekintes/abra762_good.pdf, id=308, 597.23125pt x 845.1575pt>
File: ./Abrak/Kitekintes/abra762_good.pdf Graphic file (type pdf)

<use ./Abrak/Kitekintes/abra762_good.pdf>
Package pdftex.def Info: ./Abrak/Kitekintes/abra762_good.pdf used on input line
 1035.
(pdftex.def)             Requested size: 198.23988pt x 141.52773pt.
 [58 <./Abrak/Kitekintes/abra762_bad.pdf> <./Abrak/Kitekintes/abra762_good.pdf>
] [59]
5. fejezet.
[60

]
6. fejezet.
[61

] [62] [63] [64] [65] [66

] [67] (./documentation.aux) ) 
Here is how much of TeX's memory you used:
 6357 strings out of 493029
 94027 string characters out of 6136234
 175626 words of memory out of 5000000
 9636 multiletter control sequences out of 15000+600000
 34850 words of font info for 105 fonts, out of 8000000 for 9000
 1141 hyphenation exceptions out of 8191
 38i,17n,37p,3294b,379s stack positions out of 5000i,500n,10000p,200000b,80000s
{/usr/share/texmf/fonts/enc/dvips/cm-super/cm-sup
er-t1.enc}</usr/share/texlive/texmf-dist/fonts/type1/public/amsfonts/cm/cmex10.
pfb></usr/share/texlive/texmf-dist/fonts/type1/public/amsfonts/cm/cmsy10.pfb></
usr/share/texlive/texmf-dist/fonts/type1/public/amsfonts/cm/cmsy8.pfb></usr/sha
re/texlive/texmf-dist/fonts/type1/public/amsfonts/euler/euex10.pfb></usr/share/
texlive/texmf-dist/fonts/type1/public/amsfonts/euler/euex8.pfb></usr/share/texl
ive/texmf-dist/fonts/type1/public/amsfonts/euler/eufm10.pfb></usr/share/texlive
/texmf-dist/fonts/type1/public/amsfonts/euler/eurb10.pfb></usr/share/texlive/te
xmf-dist/fonts/type1/public/amsfonts/euler/eurm10.pfb></usr/share/texlive/texmf
-dist/fonts/type1/public/amsfonts/euler/eurm7.pfb></usr/share/texlive/texmf-dis
t/fonts/type1/public/amsfonts/euler/eusm10.pfb></usr/share/texlive/texmf-dist/f
onts/type1/public/amsfonts/symbols/msam10.pfb></usr/share/texlive/texmf-dist/fo
nts/type1/public/amsfonts/symbols/msbm10.pfb></usr/share/texmf/fonts/type1/publ
ic/cm-super/sfbi1200.pfb></usr/share/texmf/fonts/type1/public/cm-super/sfbx0800
.pfb></usr/share/texmf/fonts/type1/public/cm-super/sfbx1200.pfb></usr/share/tex
mf/fonts/type1/public/cm-super/sfbx1440.pfb></usr/share/texmf/fonts/type1/publi
c/cm-super/sfbx1728.pfb></usr/share/texmf/fonts/type1/public/cm-super/sfbx2488.
pfb></usr/share/texmf/fonts/type1/public/cm-super/sfcc1200.pfb></usr/share/texm
f/fonts/type1/public/cm-super/sfcc1440.pfb></usr/share/texmf/fonts/type1/public
/cm-super/sfrm1000.pfb></usr/share/texmf/fonts/type1/public/cm-super/sfrm1200.p
fb></usr/share/texmf/fonts/type1/public/cm-super/sfrm1440.pfb></usr/share/texmf
/fonts/type1/public/cm-super/sfrm2074.pfb></usr/share/texmf/fonts/type1/public/
cm-super/sfti1200.pfb></usr/share/texmf/fonts/type1/public/cm-super/sftt1200.pf
b>
Output written on documentation.pdf (68 pages, 1321118 bytes).
PDF statistics:
 440 PDF objects out of 1000 (max. 8388607)
 297 compressed objects within 3 object streams
 0 named destinations out of 1000 (max. 500000)
 233 words of extra memory for PDF output out of 10000 (max. 10000000)

